{
  "RSpec": {
    "coverage": {
      "/home/awesome-bug-6109/tic-tac-toe-rb-online-web-sp-000/lib/tic_tac_toe.rb": [
        null,
        1,
        null,
        null,
        null,
        null,
        null,
        null,
        null,
        null,
        null,
        1,
        null,
        23,
        23,
        23,
        23,
        23,
        null,
        null,
        null,
        1,
        null,
        22,
        null,
        null,
        null,
        1,
        null,
        21,
        null,
        null,
        null,
        1,
        null,
        24,
        null,
        null,
        null,
        1,
        null,
        22,
        null,
        null,
        null,
        1,
        null,
        20,
        null,
        20,
        null,
        180,
        null,
        12,
        null,
        null,
        null,
        null,
        null,
        20,
        null,
        null,
        null,
        1,
        null,
        19,
        null,
        19,
        null,
        9,
        null,
        null,
        null,
        10,
        null,
        null,
        null,
        19,
        null,
        null,
        null,
        1,
        null,
        19,
        null,
        19,
        null,
        19,
        null,
        19,
        null,
        18,
        null,
        18,
        null,
        18,
        null,
        null,
        null,
        1,
        null,
        null,
        null,
        null,
        null,
        1,
        null,
        58,
        null,
        378,
        null,
        378,
        null,
        378,
        null,
        378,
        null,
        378,
        null,
        378,
        null,
        378,
        null,
        11,
        null,
        367,
        null,
        7,
        null,
        null,
        null,
        null,
        null,
        40,
        null,
        null,
        null,
        1,
        null,
        130,
        null,
        null,
        null,
        1,
        null,
        22,
        null,
        7,
        null,
        null,
        null,
        15,
        null,
        null,
        null,
        null,
        null,
        1,
        null,
        20,
        null,
        10,
        null,
        null,
        null,
        10,
        null,
        null,
        null,
        null,
        null,
        1,
        null,
        7,
        null,
        7,
        null,
        7,
        null,
        null,
        null,
        null,
        null,
        6,
        null,
        3,
        null,
        null,
        null,
        3,
        null,
        null,
        null,
        null,
        null,
        null,
        null,
        1,
        null,
        12,
        null,
        16,
        null,
        null,
        null,
        12,
        null,
        5,
        null,
        7,
        null,
        3,
        null,
        null,
        null,
        null,
        null,
        null,
        null,
        null,
        null
      ]
    },
    "timestamp": 1556126074
  }
}
