{
  "RSpec": {
    "coverage": {
      "/home/awesome-bug-6109/tic-tac-toe-rb-online-web-sp-000/lib/tic_tac_toe.rb": [
        null,
        1,
        null,
        null,
        null,
        null,
        null,
        null,
        null,
        null,
        null,
        1,
        null,
        14,
        14,
        14,
        14,
        14,
        null,
        null,
        null,
        1,
        null,
        17,
        null,
        null,
        null,
        1,
        null,
        12,
        null,
        null,
        null,
        1,
        null,
        19,
        null,
        null,
        null,
        1,
        null,
        17,
        null,
        null,
        null,
        1,
        null,
        15,
        null,
        15,
        null,
        95,
        null,
        6,
        null,
        null,
        null,
        null,
        null,
        9,
        null,
        null,
        null,
        1,
        null,
        14,
        null,
        9,
        null,
        9,
        null,
        null,
        null,
        0,
        null,
        null,
        null,
        9,
        null,
        null,
        null,
        1,
        null,
        14,
        null,
        14,
        null,
        14,
        null,
        14,
        null,
        13,
        null,
        9,
        null,
        9,
        null,
        null,
        null,
        1,
        null,
        null,
        null,
        null,
        null,
        1,
        null,
        41,
        null,
        260,
        null,
        260,
        null,
        260,
        null,
        260,
        null,
        260,
        null,
        260,
        null,
        260,
        null,
        11,
        null,
        249,
        null,
        4,
        null,
        null,
        null,
        null,
        null,
        26,
        null,
        null,
        null,
        1,
        null,
        99,
        null,
        null,
        null,
        1,
        null,
        16,
        null,
        7,
        null,
        null,
        null,
        9,
        null,
        null,
        null,
        null,
        null,
        1,
        null,
        14,
        null,
        8,
        null,
        null,
        null,
        6,
        null,
        null,
        null,
        null,
        null,
        1,
        null,
        6,
        null,
        6,
        null,
        6,
        null,
        null,
        null,
        null,
        null,
        5,
        null,
        3,
        null,
        null,
        null,
        2,
        null,
        null,
        null,
        null,
        null,
        null,
        null,
        1,
        null,
        12,
        null,
        11,
        null,
        null,
        null,
        8,
        null,
        4,
        null,
        4,
        null,
        2,
        null,
        null,
        null,
        null,
        null,
        null,
        null,
        null,
        null
      ]
    },
    "timestamp": 1556125857
  }
}
